<?xml version="1.0" encoding="UTF-8"?>
<!-- Generated by org.testng.reporters.JUnitXMLReporter -->
<testsuite ignored="3" hostname="appus-HP-Pavilion-g6-Notebook-PC" failures="0" tests="49" name="Default test" time="154.603" errors="0" timestamp="02 Jun 2021 13:00:39 GMT">
  <testcase classname="com.simplogics.testcases.Loginpage" name="loginpage" time="11.377"/>
  <testcase classname="com.simplogics.testcases.APIS" name="Apis" time="34.778"/>
  <testcase classname="com.simplogics.testcases.APIS" name="Apis" time="32.92"/>
  <testcase classname="com.simplogics.testcases.APIS" name="Apis" time="33.072"/>
  <testcase classname="com.simplogics.testcases.APIS" name="Apis" time="0.012">
    <skipped/>
  </testcase> <!-- Apis -->
  <testcase classname="com.simplogics.testcases.APIS" name="Apis" time="0.007">
    <skipped/>
  </testcase> <!-- Apis -->
  <testcase classname="com.simplogics.testcases.APIS" name="Apis" time="0.005">
    <skipped/>
  </testcase> <!-- Apis -->
  <testcase classname="com.simplogics.testcases.APIS" name="Apis" time="0.006">
    <skipped/>
  </testcase> <!-- Apis -->
  <testcase classname="com.simplogics.testcases.APIS" name="Apis" time="0.01">
    <skipped/>
  </testcase> <!-- Apis -->
  <testcase classname="com.simplogics.testcases.APIS" name="Apis" time="0.017">
    <skipped/>
  </testcase> <!-- Apis -->
  <testcase classname="com.simplogics.testcases.APIS" name="Apis" time="0.009">
    <skipped/>
  </testcase> <!-- Apis -->
  <testcase classname="com.simplogics.testcases.APIS" name="Apis" time="0.007">
    <skipped/>
  </testcase> <!-- Apis -->
  <testcase classname="com.simplogics.testcases.APIS" name="Apis" time="0.004">
    <skipped/>
  </testcase> <!-- Apis -->
  <testcase classname="com.simplogics.testcases.APIS" name="Apis" time="0.014">
    <skipped/>
  </testcase> <!-- Apis -->
  <testcase classname="com.simplogics.testcases.APIS" name="Apis" time="0.008">
    <skipped/>
  </testcase> <!-- Apis -->
  <testcase classname="com.simplogics.testcases.APIS" name="Apis" time="0.003">
    <skipped/>
  </testcase> <!-- Apis -->
  <testcase classname="com.simplogics.testcases.APIS" name="Apis" time="0.003">
    <skipped/>
  </testcase> <!-- Apis -->
  <testcase classname="com.simplogics.testcases.APIS" name="Apis" time="0.002">
    <skipped/>
  </testcase> <!-- Apis -->
  <testcase classname="com.simplogics.testcases.APIS" name="Apis" time="0.01">
    <skipped/>
  </testcase> <!-- Apis -->
  <testcase classname="com.simplogics.testcases.APIS" name="Apis" time="0.001">
    <skipped/>
  </testcase> <!-- Apis -->
  <testcase classname="com.simplogics.testcases.APIS" name="Apis" time="0.002">
    <skipped/>
  </testcase> <!-- Apis -->
  <testcase classname="com.simplogics.testcases.APIS" name="Apis" time="0.011">
    <skipped/>
  </testcase> <!-- Apis -->
  <testcase classname="com.simplogics.testcases.APIS" name="Apis" time="0.001">
    <skipped/>
  </testcase> <!-- Apis -->
  <testcase classname="com.simplogics.testcases.APIS" name="Apis" time="0.002">
    <skipped/>
  </testcase> <!-- Apis -->
  <testcase classname="com.simplogics.testcases.APIS" name="Apis" time="0.011">
    <skipped/>
  </testcase> <!-- Apis -->
  <testcase classname="com.simplogics.testcases.APIS" name="Apis" time="0.015">
    <skipped/>
  </testcase> <!-- Apis -->
  <testcase classname="com.simplogics.testcases.APIS" name="Apis" time="0.012">
    <skipped/>
  </testcase> <!-- Apis -->
  <testcase classname="com.simplogics.testcases.APIS" name="Apis" time="0.01">
    <skipped/>
  </testcase> <!-- Apis -->
  <testcase classname="com.simplogics.testcases.APIS" name="Apis" time="0.001">
    <skipped/>
  </testcase> <!-- Apis -->
  <testcase classname="com.simplogics.testcases.APIS" name="Apis" time="0.002">
    <skipped/>
  </testcase> <!-- Apis -->
  <testcase classname="com.simplogics.testcases.APIS" name="Apis" time="0.005">
    <skipped/>
  </testcase> <!-- Apis -->
  <testcase classname="com.simplogics.testcases.APIS" name="Apis" time="0.004">
    <skipped/>
  </testcase> <!-- Apis -->
  <testcase classname="com.simplogics.testcases.APIS" name="Apis" time="0.002">
    <skipped/>
  </testcase> <!-- Apis -->
  <testcase classname="com.simplogics.testcases.APIS" name="Apis" time="0.001">
    <skipped/>
  </testcase> <!-- Apis -->
  <testcase classname="com.simplogics.testcases.APIS" name="Apis" time="0.012">
    <skipped/>
  </testcase> <!-- Apis -->
  <testcase classname="com.simplogics.testcases.APIS" name="Apis" time="0.005">
    <skipped/>
  </testcase> <!-- Apis -->
  <testcase classname="com.simplogics.testcases.APIS" name="Apis" time="0.002">
    <skipped/>
  </testcase> <!-- Apis -->
  <testcase classname="com.simplogics.testcases.APIS" name="Apis" time="0.004">
    <skipped/>
  </testcase> <!-- Apis -->
  <testcase classname="com.simplogics.testcases.APIS" name="Apis" time="0.021">
    <skipped/>
  </testcase> <!-- Apis -->
  <testcase classname="com.simplogics.testcases.APIS" name="Apis" time="0.008">
    <skipped/>
  </testcase> <!-- Apis -->
  <testcase classname="com.simplogics.testcases.APIS" name="Apis" time="0.005">
    <skipped/>
  </testcase> <!-- Apis -->
  <testcase classname="com.simplogics.testcases.APIS" name="Apis" time="0.005">
    <skipped/>
  </testcase> <!-- Apis -->
  <testcase classname="com.simplogics.testcases.APIS" name="Apis" time="0.003">
    <skipped/>
  </testcase> <!-- Apis -->
  <testcase classname="com.simplogics.testcases.APIS" name="Apis" time="0.004">
    <skipped/>
  </testcase> <!-- Apis -->
  <testcase classname="com.simplogics.testcases.APIS" name="Apis" time="0.012">
    <skipped/>
  </testcase> <!-- Apis -->
  <testcase classname="com.simplogics.testcases.APIS" name="Apis" time="0.003">
    <skipped/>
  </testcase> <!-- Apis -->
  <testcase classname="com.simplogics.testcases.APIS" name="Apis" time="0.003">
    <skipped/>
  </testcase> <!-- Apis -->
  <testcase classname="com.simplogics.testcases.APIS" name="Apis" time="0.003">
    <skipped/>
  </testcase> <!-- Apis -->
  <testcase classname="com.simplogics.testcases.APIS" name="Apis" time="0.002">
    <skipped/>
  </testcase> <!-- Apis -->
  <testcase classname="com.simplogics.base.BaseData" name="@AfterTest Emailsend" time="0.0">
    <ignored/>
  </testcase> <!-- @AfterTest Emailsend -->
  <testcase classname="com.simplogics.base.BaseData" name="@AfterTest Emailsend" time="0.0">
    <ignored/>
  </testcase> <!-- @AfterTest Emailsend -->
  <testcase classname="com.simplogics.base.BaseData" name="@AfterTest Emailsend" time="0.0">
    <ignored/>
  </testcase> <!-- @AfterTest Emailsend -->
</testsuite> <!-- Default test -->
