<?xml version="1.0" encoding="UTF-8"?>
<!-- Generated by org.testng.reporters.JUnitXMLReporter -->
<testsuite ignored="3" hostname="appus-HP-Pavilion-g6-Notebook-PC" failures="0" tests="49" name="Default test" time="131.48" errors="0" timestamp="22 Jun 2021 06:41:30 GMT">
  <testcase classname="com.simplogics.testcases.Loginpage" name="loginpage" time="10.456"/>
  <testcase classname="com.simplogics.testcases.APIS" name="Apis" time="32.052"/>
  <testcase classname="com.simplogics.testcases.APIS" name="Apis" time="31.034"/>
  <testcase classname="com.simplogics.testcases.APIS" name="Apis" time="31.971"/>
  <testcase classname="com.simplogics.testcases.APIS" name="Apis" time="0.006">
    <skipped/>
  </testcase> <!-- Apis -->
  <testcase classname="com.simplogics.testcases.APIS" name="Apis" time="0.01">
    <skipped/>
  </testcase> <!-- Apis -->
  <testcase classname="com.simplogics.testcases.APIS" name="Apis" time="0.004">
    <skipped/>
  </testcase> <!-- Apis -->
  <testcase classname="com.simplogics.testcases.APIS" name="Apis" time="0.002">
    <skipped/>
  </testcase> <!-- Apis -->
  <testcase classname="com.simplogics.testcases.APIS" name="Apis" time="0.005">
    <skipped/>
  </testcase> <!-- Apis -->
  <testcase classname="com.simplogics.testcases.APIS" name="Apis" time="0.007">
    <skipped/>
  </testcase> <!-- Apis -->
  <testcase classname="com.simplogics.testcases.APIS" name="Apis" time="0.006">
    <skipped/>
  </testcase> <!-- Apis -->
  <testcase classname="com.simplogics.testcases.APIS" name="Apis" time="0.003">
    <skipped/>
  </testcase> <!-- Apis -->
  <testcase classname="com.simplogics.testcases.APIS" name="Apis" time="0.002">
    <skipped/>
  </testcase> <!-- Apis -->
  <testcase classname="com.simplogics.testcases.APIS" name="Apis" time="0.003">
    <skipped/>
  </testcase> <!-- Apis -->
  <testcase classname="com.simplogics.testcases.APIS" name="Apis" time="0.003">
    <skipped/>
  </testcase> <!-- Apis -->
  <testcase classname="com.simplogics.testcases.APIS" name="Apis" time="0.008">
    <skipped/>
  </testcase> <!-- Apis -->
  <testcase classname="com.simplogics.testcases.APIS" name="Apis" time="0.006">
    <skipped/>
  </testcase> <!-- Apis -->
  <testcase classname="com.simplogics.testcases.APIS" name="Apis" time="0.007">
    <skipped/>
  </testcase> <!-- Apis -->
  <testcase classname="com.simplogics.testcases.APIS" name="Apis" time="0.011">
    <skipped/>
  </testcase> <!-- Apis -->
  <testcase classname="com.simplogics.testcases.APIS" name="Apis" time="0.009">
    <skipped/>
  </testcase> <!-- Apis -->
  <testcase classname="com.simplogics.testcases.APIS" name="Apis" time="0.002">
    <skipped/>
  </testcase> <!-- Apis -->
  <testcase classname="com.simplogics.testcases.APIS" name="Apis" time="0.002">
    <skipped/>
  </testcase> <!-- Apis -->
  <testcase classname="com.simplogics.testcases.APIS" name="Apis" time="0.012">
    <skipped/>
  </testcase> <!-- Apis -->
  <testcase classname="com.simplogics.testcases.APIS" name="Apis" time="0.004">
    <skipped/>
  </testcase> <!-- Apis -->
  <testcase classname="com.simplogics.testcases.APIS" name="Apis" time="0.009">
    <skipped/>
  </testcase> <!-- Apis -->
  <testcase classname="com.simplogics.testcases.APIS" name="Apis" time="0.001">
    <skipped/>
  </testcase> <!-- Apis -->
  <testcase classname="com.simplogics.testcases.APIS" name="Apis" time="0.001">
    <skipped/>
  </testcase> <!-- Apis -->
  <testcase classname="com.simplogics.testcases.APIS" name="Apis" time="0.008">
    <skipped/>
  </testcase> <!-- Apis -->
  <testcase classname="com.simplogics.testcases.APIS" name="Apis" time="0.002">
    <skipped/>
  </testcase> <!-- Apis -->
  <testcase classname="com.simplogics.testcases.APIS" name="Apis" time="0.003">
    <skipped/>
  </testcase> <!-- Apis -->
  <testcase classname="com.simplogics.testcases.APIS" name="Apis" time="0.003">
    <skipped/>
  </testcase> <!-- Apis -->
  <testcase classname="com.simplogics.testcases.APIS" name="Apis" time="0.002">
    <skipped/>
  </testcase> <!-- Apis -->
  <testcase classname="com.simplogics.testcases.APIS" name="Apis" time="0.007">
    <skipped/>
  </testcase> <!-- Apis -->
  <testcase classname="com.simplogics.testcases.APIS" name="Apis" time="0.001">
    <skipped/>
  </testcase> <!-- Apis -->
  <testcase classname="com.simplogics.testcases.APIS" name="Apis" time="0.001">
    <skipped/>
  </testcase> <!-- Apis -->
  <testcase classname="com.simplogics.testcases.APIS" name="Apis" time="0.003">
    <skipped/>
  </testcase> <!-- Apis -->
  <testcase classname="com.simplogics.testcases.APIS" name="Apis" time="0.005">
    <skipped/>
  </testcase> <!-- Apis -->
  <testcase classname="com.simplogics.testcases.APIS" name="Apis" time="0.001">
    <skipped/>
  </testcase> <!-- Apis -->
  <testcase classname="com.simplogics.testcases.APIS" name="Apis" time="0.001">
    <skipped/>
  </testcase> <!-- Apis -->
  <testcase classname="com.simplogics.testcases.APIS" name="Apis" time="0.001">
    <skipped/>
  </testcase> <!-- Apis -->
  <testcase classname="com.simplogics.testcases.APIS" name="Apis" time="0.001">
    <skipped/>
  </testcase> <!-- Apis -->
  <testcase classname="com.simplogics.testcases.APIS" name="Apis" time="0.002">
    <skipped/>
  </testcase> <!-- Apis -->
  <testcase classname="com.simplogics.testcases.APIS" name="Apis" time="0.001">
    <skipped/>
  </testcase> <!-- Apis -->
  <testcase classname="com.simplogics.testcases.APIS" name="Apis" time="0.008">
    <skipped/>
  </testcase> <!-- Apis -->
  <testcase classname="com.simplogics.testcases.APIS" name="Apis" time="0.002">
    <skipped/>
  </testcase> <!-- Apis -->
  <testcase classname="com.simplogics.testcases.APIS" name="Apis" time="0.002">
    <skipped/>
  </testcase> <!-- Apis -->
  <testcase classname="com.simplogics.testcases.APIS" name="Apis" time="0.002">
    <skipped/>
  </testcase> <!-- Apis -->
  <testcase classname="com.simplogics.testcases.APIS" name="Apis" time="0.001">
    <skipped/>
  </testcase> <!-- Apis -->
  <testcase classname="com.simplogics.testcases.APIS" name="Apis" time="0.001">
    <skipped/>
  </testcase> <!-- Apis -->
  <testcase classname="com.simplogics.base.BaseData" name="@AfterTest Emailsend" time="0.0">
    <ignored/>
  </testcase> <!-- @AfterTest Emailsend -->
  <testcase classname="com.simplogics.base.BaseData" name="@AfterTest Emailsend" time="0.0">
    <ignored/>
  </testcase> <!-- @AfterTest Emailsend -->
  <testcase classname="com.simplogics.base.BaseData" name="@AfterTest Emailsend" time="0.0">
    <ignored/>
  </testcase> <!-- @AfterTest Emailsend -->
</testsuite> <!-- Default test -->
